Log: [ec8ae9b9-b8e6-46a7-965e-5e18ac957a68:2025-09-18T16:40:26.792096+0500 - INFO - Request to /docs succeeded. Status code: 200]
Log: [66f6131a-759a-4ecf-8084-8a83830d5184:2025-09-18T16:40:26.922344+0500 - INFO - Request to /openapi.json succeeded. Status code: 200]
Log: [e79ee330-62f6-4880-95dc-586e1dc90534:2025-09-18T16:40:27.052830+0500 - WARNING - Request to /hybridaction/zybTrackerStatisticsAction failed. Status code: 404]
Log: [79920067-5bf9-43c7-b576-f427fe0bcebc:2025-09-18T16:40:27.056097+0500 - WARNING - Request to /hybridaction/zybTrackerStatisticsAction failed. Status code: 404]
Log: [59af4561-9ec6-4ee4-88ee-0816d8c2c5a0:2025-09-18T16:40:27.061307+0500 - WARNING - Request to /hybridaction/zybTrackerStatisticsAction failed. Status code: 404]
Log: [53d352db-24a3-4c90-9c27-e745f9e91af3:2025-09-18T16:40:27.196197+0500 - WARNING - Request to /hybridaction/zybTrackerStatisticsAction failed. Status code: 404]
Log: [c3891115-f784-4c68-aa98-8c8be67a4846:2025-09-18T16:40:27.198194+0500 - WARNING - Request to /hybridaction/zybTrackerStatisticsAction failed. Status code: 404]
Log: [b1d5fcc5-97db-4238-81dc-b5735b8819cb:2025-09-18T16:40:27.203125+0500 - WARNING - Request to /hybridaction/zybTrackerStatisticsAction failed. Status code: 404]
Log: [d4d11c52-3065-4d4d-be11-3228c2e23295:2025-09-18T16:40:27.749658+0500 - WARNING - Request to /hybridaction/zybTrackerStatisticsAction failed. Status code: 404]
Log: [3cdbfc67-4bcf-41e9-8d60-cfdcf14c4394:2025-09-18T16:40:27.752658+0500 - WARNING - Request to /hybridaction/zybTrackerStatisticsAction failed. Status code: 404]
Log: [10fcd640-ad3e-4125-8aa7-b6bfa802680c:2025-09-18T16:40:27.753734+0500 - WARNING - Request to /hybridaction/zybTrackerStatisticsAction failed. Status code: 404]
Log: [d28966b3-06d8-4b9c-8c17-c6bc3ddab744:2025-09-18T16:40:27.830201+0500 - WARNING - Request to /hybridaction/zybTrackerStatisticsAction failed. Status code: 404]
Log: [1492e727-c53e-46a6-9978-43ade8ae4877:2025-09-18T16:40:27.832260+0500 - WARNING - Request to /hybridaction/zybTrackerStatisticsAction failed. Status code: 404]
Log: [3efe93a3-3d6b-40ff-adc3-b70d8297f619:2025-09-18T16:40:27.833261+0500 - WARNING - Request to /hybridaction/zybTrackerStatisticsAction failed. Status code: 404]
Log: [93cdbd00-55d1-4a0e-8d7e-3fc6ed5380fa:2025-09-18T16:40:27.907517+0500 - WARNING - Request to /hybridaction/zybTrackerStatisticsAction failed. Status code: 404]
Log: [db3e44b8-dd9e-4e51-bf75-313aa0d517ff:2025-09-18T16:40:27.910437+0500 - WARNING - Request to /hybridaction/zybTrackerStatisticsAction failed. Status code: 404]
Log: [bae86ab5-ba1e-4c8b-81d0-9a7e8024e3c8:2025-09-18T16:40:27.911549+0500 - WARNING - Request to /hybridaction/zybTrackerStatisticsAction failed. Status code: 404]
Log: [add49eb4-1d34-4b72-9b64-32ac7681b951:2025-09-18T16:40:27.987988+0500 - WARNING - Request to /hybridaction/zybTrackerStatisticsAction failed. Status code: 404]
Log: [0bfe85c8-c909-4931-935f-731764c5a382:2025-09-18T16:40:27.990927+0500 - WARNING - Request to /hybridaction/zybTrackerStatisticsAction failed. Status code: 404]
Log: [8efbd147-ff24-481b-a268-50729eb153ff:2025-09-18T16:40:27.992008+0500 - WARNING - Request to /hybridaction/zybTrackerStatisticsAction failed. Status code: 404]
Log: [85061acf-0ad1-4d35-ac83-4bba7232c562:2025-09-18T16:40:28.070300+0500 - WARNING - Request to /hybridaction/zybTrackerStatisticsAction failed. Status code: 404]
Log: [e4fdd1d2-d23f-45d1-b71f-cf734877d801:2025-09-18T16:40:28.073308+0500 - WARNING - Request to /hybridaction/zybTrackerStatisticsAction failed. Status code: 404]
Log: [21bc9a38-2880-4224-8cd1-41efe7d99548:2025-09-18T16:40:28.076309+0500 - WARNING - Request to /hybridaction/zybTrackerStatisticsAction failed. Status code: 404]
Log: [e3def280-6041-4b66-822f-59c3ae7de149:2025-09-18T16:40:28.152523+0500 - WARNING - Request to /hybridaction/zybTrackerStatisticsAction failed. Status code: 404]
Log: [c3abccd4-e547-4b68-b894-a8b5b80bf98e:2025-09-18T16:40:28.155460+0500 - WARNING - Request to /hybridaction/zybTrackerStatisticsAction failed. Status code: 404]
Log: [bc555e99-4bac-45ba-968c-cb2b48194ee6:2025-09-18T16:40:28.157492+0500 - WARNING - Request to /hybridaction/zybTrackerStatisticsAction failed. Status code: 404]
Log: [9329ca80-b719-40e5-a82e-8caa3c5b575a:2025-09-18T16:40:28.397101+0500 - WARNING - Request to /hybridaction/zybTrackerStatisticsAction failed. Status code: 404]
Log: [7f0ecdf1-5582-430f-ae0a-8740e134268f:2025-09-18T16:40:28.400110+0500 - WARNING - Request to /hybridaction/zybTrackerStatisticsAction failed. Status code: 404]
Log: [01e51cc9-1fac-4068-a96a-00196f6abb8b:2025-09-18T16:40:28.401079+0500 - WARNING - Request to /hybridaction/zybTrackerStatisticsAction failed. Status code: 404]
Log: [ebdbadac-b0af-47c5-9009-eeed826199c2:2025-09-18T16:40:28.469655+0500 - WARNING - Request to /hybridaction/zybTrackerStatisticsAction failed. Status code: 404]
Log: [7cf90472-f863-48d5-a0f6-0e9f8772a9bb:2025-09-18T16:40:28.472747+0500 - WARNING - Request to /hybridaction/zybTrackerStatisticsAction failed. Status code: 404]
Log: [89547d2d-6aba-406c-92e6-ddca3f29f9fa:2025-09-18T16:40:28.473747+0500 - WARNING - Request to /hybridaction/zybTrackerStatisticsAction failed. Status code: 404]
Log: [e764d113-958a-4adf-8ae7-ca0c6c6f8304:2025-09-18T16:40:28.545049+0500 - WARNING - Request to /hybridaction/zybTrackerStatisticsAction failed. Status code: 404]
Log: [73c8a3c5-55cf-4551-b7ef-251a45742528:2025-09-18T16:40:28.548702+0500 - WARNING - Request to /hybridaction/zybTrackerStatisticsAction failed. Status code: 404]
Log: [17f7dab8-6073-4493-8361-1100c1e9c10e:2025-09-18T16:40:28.549701+0500 - WARNING - Request to /hybridaction/zybTrackerStatisticsAction failed. Status code: 404]
Log: [63ce8b59-221e-497f-a15e-f96ae9bbbc72:2025-09-18T16:40:28.625491+0500 - WARNING - Request to /hybridaction/zybTrackerStatisticsAction failed. Status code: 404]
Log: [5f97f393-58c6-4f40-a09e-e3d6adf57977:2025-09-18T16:40:28.628626+0500 - WARNING - Request to /hybridaction/zybTrackerStatisticsAction failed. Status code: 404]
Log: [09bdc9d6-603a-49ff-bdd0-e48bdaa82aad:2025-09-18T16:40:28.632637+0500 - WARNING - Request to /hybridaction/zybTrackerStatisticsAction failed. Status code: 404]
Log: [03fc5ac9-07cc-4970-a198-009a8b70530f:2025-09-18T16:40:28.708676+0500 - WARNING - Request to /hybridaction/zybTrackerStatisticsAction failed. Status code: 404]
Log: [e24ab6d5-a0d3-40a8-a75b-98315e33fd9e:2025-09-18T16:40:28.710676+0500 - WARNING - Request to /hybridaction/zybTrackerStatisticsAction failed. Status code: 404]
Log: [51ab6187-d11e-4704-b6ee-4dd30a0139e1:2025-09-18T16:40:28.711676+0500 - WARNING - Request to /hybridaction/zybTrackerStatisticsAction failed. Status code: 404]
Log: [df972a9a-02cd-4307-9258-bc045f42c898:2025-09-18T16:40:28.787459+0500 - WARNING - Request to /hybridaction/zybTrackerStatisticsAction failed. Status code: 404]
Log: [3f8d7fbf-373d-4d7e-bba1-08466d37c49c:2025-09-18T16:40:28.790408+0500 - WARNING - Request to /hybridaction/zybTrackerStatisticsAction failed. Status code: 404]
Log: [0b09f1bc-298d-4e92-b56b-4a24140eceb8:2025-09-18T16:40:28.791496+0500 - WARNING - Request to /hybridaction/zybTrackerStatisticsAction failed. Status code: 404]
Log: [bef4df42-50f7-4979-83a1-f6f744547c23:2025-09-18T16:40:28.865996+0500 - WARNING - Request to /hybridaction/zybTrackerStatisticsAction failed. Status code: 404]
Log: [48ea6fc7-ffb7-492b-8e53-a83b317cb813:2025-09-18T16:40:28.869250+0500 - WARNING - Request to /hybridaction/zybTrackerStatisticsAction failed. Status code: 404]
Log: [1f805a7e-9ed5-4e44-a4cd-1225de1fa71f:2025-09-18T16:40:28.870284+0500 - WARNING - Request to /hybridaction/zybTrackerStatisticsAction failed. Status code: 404]
Log: [e029df30-85ff-4cee-8e61-c1bfd7408d99:2025-09-18T16:40:28.954070+0500 - WARNING - Request to /hybridaction/zybTrackerStatisticsAction failed. Status code: 404]
Log: [77950b84-1e83-4695-99e7-5b98d1394389:2025-09-18T16:40:28.957014+0500 - WARNING - Request to /hybridaction/zybTrackerStatisticsAction failed. Status code: 404]
Log: [8bf7dc18-eeb9-40da-a429-f8f353fa1b2e:2025-09-18T16:40:28.958572+0500 - WARNING - Request to /hybridaction/zybTrackerStatisticsAction failed. Status code: 404]
Log: [ead5a80e-64e4-4405-b887-579dc3e7f93d:2025-09-18T16:40:29.033329+0500 - WARNING - Request to /hybridaction/zybTrackerStatisticsAction failed. Status code: 404]
Log: [71b44025-5379-4d4f-a4a4-6a426fc7cac1:2025-09-18T16:40:29.035330+0500 - WARNING - Request to /hybridaction/zybTrackerStatisticsAction failed. Status code: 404]
Log: [1f577ef4-3333-4dee-a6a4-87c030c20ce8:2025-09-18T16:40:29.036329+0500 - WARNING - Request to /hybridaction/zybTrackerStatisticsAction failed. Status code: 404]
Log: [c9c943cc-27dd-4ce0-bdbe-3da131211d16:2025-09-18T16:40:29.112012+0500 - WARNING - Request to /hybridaction/zybTrackerStatisticsAction failed. Status code: 404]
Log: [54f90b5f-a482-4ddb-ab75-bfc31f9b7f24:2025-09-18T16:40:29.115063+0500 - WARNING - Request to /hybridaction/zybTrackerStatisticsAction failed. Status code: 404]
Log: [7e25574c-d3a3-4e1c-b4d5-07c259190c37:2025-09-18T16:40:29.116065+0500 - WARNING - Request to /hybridaction/zybTrackerStatisticsAction failed. Status code: 404]
Log: [392936b4-6ba7-464c-bc82-210470b79b70:2025-09-18T16:40:29.190946+0500 - WARNING - Request to /hybridaction/zybTrackerStatisticsAction failed. Status code: 404]
Log: [c3b6b0b6-0d6a-4e9f-ab0f-c3cee7159f2c:2025-09-18T16:40:29.193985+0500 - WARNING - Request to /hybridaction/zybTrackerStatisticsAction failed. Status code: 404]
Log: [3c42fb93-143c-4baa-9742-ed9da502b533:2025-09-18T16:40:29.194987+0500 - WARNING - Request to /hybridaction/zybTrackerStatisticsAction failed. Status code: 404]
Log: [38c7edeb-dc55-45b7-86be-d336c70c0463:2025-09-18T16:40:29.276354+0500 - WARNING - Request to /hybridaction/zybTrackerStatisticsAction failed. Status code: 404]
Log: [f17e14e3-ce3c-413b-9b4e-162d6b020fd1:2025-09-18T16:40:29.279216+0500 - WARNING - Request to /hybridaction/zybTrackerStatisticsAction failed. Status code: 404]
Log: [3f4e94aa-0671-41a6-945e-eb89d35d8eca:2025-09-18T16:40:29.279216+0500 - WARNING - Request to /hybridaction/zybTrackerStatisticsAction failed. Status code: 404]
Log: [9c14774f-b9fe-4c94-8243-07963b69a3a7:2025-09-18T16:40:29.354930+0500 - WARNING - Request to /hybridaction/zybTrackerStatisticsAction failed. Status code: 404]
Log: [32c4a233-70a7-40c8-833c-2e7d87177ca0:2025-09-18T16:40:29.356932+0500 - WARNING - Request to /hybridaction/zybTrackerStatisticsAction failed. Status code: 404]
Log: [b1fe9723-54a6-4765-9a7b-4a05372667f3:2025-09-18T16:40:29.358931+0500 - WARNING - Request to /hybridaction/zybTrackerStatisticsAction failed. Status code: 404]
Log: [1448a9d0-c035-4c0a-a0bc-83a438c5f3bf:2025-09-18T16:40:29.452062+0500 - WARNING - Request to /hybridaction/zybTrackerStatisticsAction failed. Status code: 404]
Log: [92116a1c-a227-48ac-82fd-55e610202642:2025-09-18T16:40:29.456064+0500 - WARNING - Request to /hybridaction/zybTrackerStatisticsAction failed. Status code: 404]
Log: [da44f1ad-4d4e-472a-988c-ce7670bca7be:2025-09-18T16:40:29.460062+0500 - WARNING - Request to /hybridaction/zybTrackerStatisticsAction failed. Status code: 404]
Log: [9014e3a3-5d42-45c2-8afa-452803d310bf:2025-09-18T16:40:29.530832+0500 - WARNING - Request to /hybridaction/zybTrackerStatisticsAction failed. Status code: 404]
Log: [046657f3-5c0f-4b8b-ac59-854f41048d75:2025-09-18T16:40:29.533847+0500 - WARNING - Request to /hybridaction/zybTrackerStatisticsAction failed. Status code: 404]
Log: [705290b7-fc91-466d-9bd5-39b7164ab6ae:2025-09-18T16:40:29.537108+0500 - WARNING - Request to /hybridaction/zybTrackerStatisticsAction failed. Status code: 404]
Log: [0c28b7b5-1e27-41f1-bad6-80a642014b5e:2025-09-18T16:40:29.609047+0500 - WARNING - Request to /hybridaction/zybTrackerStatisticsAction failed. Status code: 404]
Log: [067b7570-31ae-4ccc-9eeb-5d6a13adc10b:2025-09-18T16:40:29.611719+0500 - WARNING - Request to /hybridaction/zybTrackerStatisticsAction failed. Status code: 404]
Log: [095aab99-0118-4863-be99-191bdc958935:2025-09-18T16:40:29.613711+0500 - WARNING - Request to /hybridaction/zybTrackerStatisticsAction failed. Status code: 404]
Log: [c345cd8c-2220-40e2-aa55-184a10e4be86:2025-09-18T16:40:29.688288+0500 - WARNING - Request to /hybridaction/zybTrackerStatisticsAction failed. Status code: 404]
Log: [38ff440d-9030-489c-9699-06f7ef580c11:2025-09-18T16:40:29.690288+0500 - WARNING - Request to /hybridaction/zybTrackerStatisticsAction failed. Status code: 404]
Log: [08223ef7-3a1c-49d0-aabb-e8c089eaa46b:2025-09-18T16:40:29.690288+0500 - WARNING - Request to /hybridaction/zybTrackerStatisticsAction failed. Status code: 404]
Log: [c3b0e5f8-484c-4324-a649-00ed72b5b770:2025-09-18T16:40:29.763905+0500 - WARNING - Request to /hybridaction/zybTrackerStatisticsAction failed. Status code: 404]
Log: [72d7559e-2e1d-46c6-b329-d54c705b30cf:2025-09-18T16:40:29.767602+0500 - WARNING - Request to /hybridaction/zybTrackerStatisticsAction failed. Status code: 404]
Log: [59b2e6ae-4c61-449c-be07-214df9e1980e:2025-09-18T16:40:29.770087+0500 - WARNING - Request to /hybridaction/zybTrackerStatisticsAction failed. Status code: 404]
Log: [3a86625f-eec8-4ddb-b331-f3548f21af96:2025-09-18T16:40:30.149819+0500 - WARNING - Request to /hybridaction/zybTrackerStatisticsAction failed. Status code: 404]
Log: [a316163f-fdb6-4f43-adaa-62e9ffa0594b:2025-09-18T16:40:30.153487+0500 - WARNING - Request to /hybridaction/zybTrackerStatisticsAction failed. Status code: 404]
Log: [3343db9a-c41e-433a-ae16-9a14237814e4:2025-09-18T16:40:30.153676+0500 - WARNING - Request to /hybridaction/zybTrackerStatisticsAction failed. Status code: 404]
Log: [94cf53c7-6353-4a93-9f41-fe3dbdc0d3c6:2025-09-18T16:40:30.240328+0500 - WARNING - Request to /hybridaction/zybTrackerStatisticsAction failed. Status code: 404]
Log: [77f2037a-98b2-4b29-90a1-e04512a08203:2025-09-18T16:40:30.244334+0500 - WARNING - Request to /hybridaction/zybTrackerStatisticsAction failed. Status code: 404]
Log: [637c672f-94a1-4a09-a3a9-1590c6f07fb2:2025-09-18T16:40:30.245333+0500 - WARNING - Request to /hybridaction/zybTrackerStatisticsAction failed. Status code: 404]
Log: [a5df874b-21f6-460e-87b4-0ac877eebac2:2025-09-18T16:40:30.319888+0500 - WARNING - Request to /hybridaction/zybTrackerStatisticsAction failed. Status code: 404]
Log: [53fe6baa-ab37-46c9-9301-1c936c4e5fd0:2025-09-18T16:40:30.323891+0500 - WARNING - Request to /hybridaction/zybTrackerStatisticsAction failed. Status code: 404]
Log: [5cb55509-7054-4473-9aca-80f6e701e4d3:2025-09-18T16:40:30.324892+0500 - WARNING - Request to /hybridaction/zybTrackerStatisticsAction failed. Status code: 404]
Log: [85913b31-e078-4159-b625-b0c0c76ad334:2025-09-18T16:40:30.400677+0500 - WARNING - Request to /hybridaction/zybTrackerStatisticsAction failed. Status code: 404]
Log: [8a2100e1-3677-4f60-9c9d-f035b5d7a083:2025-09-18T16:40:30.403677+0500 - WARNING - Request to /hybridaction/zybTrackerStatisticsAction failed. Status code: 404]
Log: [f75b3d2d-0d06-4dc0-9b51-a1d9fc59d666:2025-09-18T16:40:30.404753+0500 - WARNING - Request to /hybridaction/zybTrackerStatisticsAction failed. Status code: 404]
Log: [32a4d5dc-cc4a-4acb-be2c-02a28fe119ef:2025-09-18T16:40:30.479659+0500 - WARNING - Request to /hybridaction/zybTrackerStatisticsAction failed. Status code: 404]
Log: [843a0c66-31b9-4a12-8d1d-219336c5f984:2025-09-18T16:40:30.483576+0500 - WARNING - Request to /hybridaction/zybTrackerStatisticsAction failed. Status code: 404]
Log: [e09f8da7-4c28-482a-b651-8812104c0b95:2025-09-18T16:40:30.484637+0500 - WARNING - Request to /hybridaction/zybTrackerStatisticsAction failed. Status code: 404]
Log: [f9b6ffc4-f684-4da7-bbe5-38a9ca320723:2025-09-18T16:40:30.567094+0500 - WARNING - Request to /hybridaction/zybTrackerStatisticsAction failed. Status code: 404]
Log: [b161d19d-4b6e-4812-ba10-7e4cf3159a2e:2025-09-18T16:40:30.571094+0500 - WARNING - Request to /hybridaction/zybTrackerStatisticsAction failed. Status code: 404]
Log: [682d1283-3315-4e61-8cde-3fd7556f5805:2025-09-18T16:40:30.572094+0500 - WARNING - Request to /hybridaction/zybTrackerStatisticsAction failed. Status code: 404]
Log: [60447e11-0b74-4e5a-8c52-32ec6010fa94:2025-09-18T16:40:30.649586+0500 - WARNING - Request to /hybridaction/zybTrackerStatisticsAction failed. Status code: 404]
Log: [8cf53586-263c-41eb-81d9-d8238c6a4848:2025-09-18T16:40:30.652584+0500 - WARNING - Request to /hybridaction/zybTrackerStatisticsAction failed. Status code: 404]
Log: [a77f2d68-1237-432f-89f9-430d329f6b77:2025-09-18T16:40:30.655244+0500 - WARNING - Request to /hybridaction/zybTrackerStatisticsAction failed. Status code: 404]
Log: [c36df8b6-ebd4-47fa-9404-718bf4d326bf:2025-09-18T16:40:30.730607+0500 - WARNING - Request to /hybridaction/zybTrackerStatisticsAction failed. Status code: 404]
Log: [1538f038-4b6a-42ab-8248-3b30f0b723d2:2025-09-18T16:40:30.734279+0500 - WARNING - Request to /hybridaction/zybTrackerStatisticsAction failed. Status code: 404]
Log: [674931e1-e660-4973-a52b-bed0c9cf2dea:2025-09-18T16:40:30.734279+0500 - WARNING - Request to /hybridaction/zybTrackerStatisticsAction failed. Status code: 404]
Log: [0c3371aa-102c-4e81-a9a3-33107e7ab8fd:2025-09-18T16:40:30.810746+0500 - WARNING - Request to /hybridaction/zybTrackerStatisticsAction failed. Status code: 404]
Log: [421705a0-15b4-460c-9516-a20e95a78acc:2025-09-18T16:40:30.814817+0500 - WARNING - Request to /hybridaction/zybTrackerStatisticsAction failed. Status code: 404]
Log: [9d5ffb10-8a80-4931-9687-780546be2b81:2025-09-18T16:40:30.815818+0500 - WARNING - Request to /hybridaction/zybTrackerStatisticsAction failed. Status code: 404]
Log: [c827fd27-f079-4e0f-b923-daebfc1728b8:2025-09-18T16:40:30.899862+0500 - WARNING - Request to /hybridaction/zybTrackerStatisticsAction failed. Status code: 404]
Log: [e2e63720-a1a9-4b8d-866f-5b7368bc708e:2025-09-18T16:40:30.903863+0500 - WARNING - Request to /hybridaction/zybTrackerStatisticsAction failed. Status code: 404]
Log: [5974e67d-74ba-47e2-9b34-ab0eeb225401:2025-09-18T16:40:30.904864+0500 - WARNING - Request to /hybridaction/zybTrackerStatisticsAction failed. Status code: 404]
Log: [a8441fea-ccc6-4ba9-b52e-cd2dcd875a73:2025-09-18T16:40:30.981366+0500 - WARNING - Request to /hybridaction/zybTrackerStatisticsAction failed. Status code: 404]
Log: [50bf34bc-1499-42f3-bd4d-f4f8495d1d50:2025-09-18T16:40:30.985384+0500 - WARNING - Request to /hybridaction/zybTrackerStatisticsAction failed. Status code: 404]
Log: [c77f8abf-5f86-404a-8ed8-2fb352732595:2025-09-18T16:40:30.986382+0500 - WARNING - Request to /hybridaction/zybTrackerStatisticsAction failed. Status code: 404]
Log: [6aba7ac7-cd0d-421b-b363-390915b11546:2025-09-18T16:40:31.064118+0500 - WARNING - Request to /hybridaction/zybTrackerStatisticsAction failed. Status code: 404]
Log: [12edec56-8038-47e9-b312-809ee2757003:2025-09-18T16:40:31.065118+0500 - WARNING - Request to /hybridaction/zybTrackerStatisticsAction failed. Status code: 404]
Log: [18761cdc-a91e-4a74-9d78-8d6288881374:2025-09-18T16:40:31.066117+0500 - WARNING - Request to /hybridaction/zybTrackerStatisticsAction failed. Status code: 404]
Log: [9dd42da4-39c7-411c-b6a9-491d91e305da:2025-09-18T16:40:31.151296+0500 - WARNING - Request to /hybridaction/zybTrackerStatisticsAction failed. Status code: 404]
Log: [7660af4b-3ead-455e-866f-0c23819d62c0:2025-09-18T16:40:31.156421+0500 - WARNING - Request to /hybridaction/zybTrackerStatisticsAction failed. Status code: 404]
Log: [0228d0d7-2f99-4706-877b-cf942a425aca:2025-09-18T16:40:31.157394+0500 - WARNING - Request to /hybridaction/zybTrackerStatisticsAction failed. Status code: 404]
Log: [28b1b34d-45cf-4ad5-8583-7ca3d4ec73cc:2025-09-18T16:40:31.229312+0500 - WARNING - Request to /hybridaction/zybTrackerStatisticsAction failed. Status code: 404]
Log: [247d25fe-8b59-41b8-898a-caa320cff36c:2025-09-18T16:40:31.234735+0500 - WARNING - Request to /hybridaction/zybTrackerStatisticsAction failed. Status code: 404]
Log: [1cf53e4a-9900-4ade-af9d-e7d4e885a886:2025-09-18T16:40:31.236194+0500 - WARNING - Request to /hybridaction/zybTrackerStatisticsAction failed. Status code: 404]
Log: [7a9ff69d-55ea-42b4-a451-6fdf649f46b1:2025-09-18T16:40:31.303903+0500 - WARNING - Request to /hybridaction/zybTrackerStatisticsAction failed. Status code: 404]
Log: [9562c6ea-c461-4191-94ec-7fe1c22cb946:2025-09-18T16:40:31.308912+0500 - WARNING - Request to /hybridaction/zybTrackerStatisticsAction failed. Status code: 404]
Log: [ed5771dd-1210-458d-9c36-70a1b2e00204:2025-09-18T16:40:31.310318+0500 - WARNING - Request to /hybridaction/zybTrackerStatisticsAction failed. Status code: 404]
Log: [5e50f9f7-ac09-486b-85e2-1d3589c36f9f:2025-09-18T16:40:31.381143+0500 - WARNING - Request to /hybridaction/zybTrackerStatisticsAction failed. Status code: 404]
Log: [84eeeb0d-032d-42f5-bd92-509b4cb67d94:2025-09-18T16:40:31.386149+0500 - WARNING - Request to /hybridaction/zybTrackerStatisticsAction failed. Status code: 404]
Log: [ab58a702-368a-4985-bc0c-10ae18e20f6d:2025-09-18T16:40:31.387150+0500 - WARNING - Request to /hybridaction/zybTrackerStatisticsAction failed. Status code: 404]
Log: [e7f35452-cdfd-41e2-aca2-7914f865f074:2025-09-18T16:40:31.466233+0500 - WARNING - Request to /hybridaction/zybTrackerStatisticsAction failed. Status code: 404]
Log: [102008e3-7dd5-492a-95eb-641997a0551b:2025-09-18T16:40:31.469242+0500 - WARNING - Request to /hybridaction/zybTrackerStatisticsAction failed. Status code: 404]
Log: [f4e56770-8540-42d6-ad41-e38177ecd4f2:2025-09-18T16:40:31.471277+0500 - WARNING - Request to /hybridaction/zybTrackerStatisticsAction failed. Status code: 404]
Log: [98027802-92f3-4c09-bc67-bc59a5434c54:2025-09-18T16:40:31.535976+0500 - WARNING - Request to /hybridaction/zybTrackerStatisticsAction failed. Status code: 404]
Log: [6bf1950b-7d09-4621-b187-7e58c0b52342:2025-09-18T16:40:31.539602+0500 - WARNING - Request to /hybridaction/zybTrackerStatisticsAction failed. Status code: 404]
Log: [38e1fd33-59b7-4d2d-8e1d-95403bf3ceff:2025-09-18T16:40:31.540606+0500 - WARNING - Request to /hybridaction/zybTrackerStatisticsAction failed. Status code: 404]
Log: [0424ffd0-1d58-4b91-b958-611dba19b9d2:2025-09-18T16:40:31.613917+0500 - WARNING - Request to /hybridaction/zybTrackerStatisticsAction failed. Status code: 404]
Log: [66936d37-ad7b-4248-adda-0c14de491811:2025-09-18T16:40:31.617926+0500 - WARNING - Request to /hybridaction/zybTrackerStatisticsAction failed. Status code: 404]
Log: [c2ec5db9-0988-45b4-878f-e852dac186a3:2025-09-18T16:40:31.618452+0500 - WARNING - Request to /hybridaction/zybTrackerStatisticsAction failed. Status code: 404]
Log: [c42fb8fb-67f6-4373-ac02-1db04d15b2f4:2025-09-18T16:40:31.692567+0500 - WARNING - Request to /hybridaction/zybTrackerStatisticsAction failed. Status code: 404]
Log: [797a1505-d7b3-4afd-a848-ac172b76ebf5:2025-09-18T16:40:31.699444+0500 - WARNING - Request to /hybridaction/zybTrackerStatisticsAction failed. Status code: 404]
Log: [ae2eccdc-2532-49e2-bfd0-1fcf53b12210:2025-09-18T16:40:31.701935+0500 - WARNING - Request to /hybridaction/zybTrackerStatisticsAction failed. Status code: 404]
Log: [79847a2f-da51-40df-899f-670d771df11a:2025-09-18T16:40:31.772375+0500 - WARNING - Request to /hybridaction/zybTrackerStatisticsAction failed. Status code: 404]
Log: [473302cd-bd63-4971-bd95-6623108ac265:2025-09-18T16:40:31.775384+0500 - WARNING - Request to /hybridaction/zybTrackerStatisticsAction failed. Status code: 404]
Log: [a4bf7ce0-1b8b-4470-ac12-7adfea616366:2025-09-18T16:40:31.776387+0500 - WARNING - Request to /hybridaction/zybTrackerStatisticsAction failed. Status code: 404]
Log: [485b57ea-9f25-4b87-908b-016324d08068:2025-09-18T16:40:31.848109+0500 - WARNING - Request to /hybridaction/zybTrackerStatisticsAction failed. Status code: 404]
Log: [4a51731c-3946-498e-bb2e-91d189079607:2025-09-18T16:40:31.851098+0500 - WARNING - Request to /hybridaction/zybTrackerStatisticsAction failed. Status code: 404]
Log: [d970f61a-ad4f-482f-8ca3-aa27ef86f7ce:2025-09-18T16:40:31.852257+0500 - WARNING - Request to /hybridaction/zybTrackerStatisticsAction failed. Status code: 404]
Log: [032d76b4-026f-4ed2-abdd-2dd6f7c5d2b7:2025-09-18T16:40:31.920180+0500 - WARNING - Request to /hybridaction/zybTrackerStatisticsAction failed. Status code: 404]
Log: [8431bfe7-0cb6-4927-9c8e-5cbb3d3e0850:2025-09-18T16:40:31.925019+0500 - WARNING - Request to /hybridaction/zybTrackerStatisticsAction failed. Status code: 404]
Log: [726eeb17-9842-46a6-8549-d13027544880:2025-09-18T16:40:31.925019+0500 - WARNING - Request to /hybridaction/zybTrackerStatisticsAction failed. Status code: 404]
Log: [1f974661-475d-4b29-9215-29a35b2259ae:2025-09-18T16:40:32.005881+0500 - WARNING - Request to /hybridaction/zybTrackerStatisticsAction failed. Status code: 404]
Log: [8e94d59f-3eb3-4af5-8418-d14d59a3123e:2025-09-18T16:40:32.008944+0500 - WARNING - Request to /hybridaction/zybTrackerStatisticsAction failed. Status code: 404]
Log: [71fcf362-26e3-4827-b5d5-63ee1c22ca64:2025-09-18T16:40:32.009946+0500 - WARNING - Request to /hybridaction/zybTrackerStatisticsAction failed. Status code: 404]
Log: [fe1761f2-82f6-44bf-ac57-aba043e2977a:2025-09-18T16:40:32.079578+0500 - WARNING - Request to /hybridaction/zybTrackerStatisticsAction failed. Status code: 404]
Log: [5cb4c753-d400-432b-a766-0f948b652682:2025-09-18T16:40:32.083578+0500 - WARNING - Request to /hybridaction/zybTrackerStatisticsAction failed. Status code: 404]
Log: [972d3933-2a4d-4119-905e-3da4e9188951:2025-09-18T16:40:32.084578+0500 - WARNING - Request to /hybridaction/zybTrackerStatisticsAction failed. Status code: 404]
Log: [63463fd8-2d74-4aaf-a794-5f284146d308:2025-09-18T16:40:32.152514+0500 - WARNING - Request to /hybridaction/zybTrackerStatisticsAction failed. Status code: 404]
Log: [0db62cae-1094-4ae4-8f6d-1354c8a11d8a:2025-09-18T16:40:32.156481+0500 - WARNING - Request to /hybridaction/zybTrackerStatisticsAction failed. Status code: 404]
Log: [74a945ff-8a59-4ddf-9a9e-61b668f908a0:2025-09-18T16:40:32.156481+0500 - WARNING - Request to /hybridaction/zybTrackerStatisticsAction failed. Status code: 404]
Log: [c9a57ab0-4c07-4bfe-9859-21d8a2795bd3:2025-09-18T16:40:32.230389+0500 - WARNING - Request to /hybridaction/zybTrackerStatisticsAction failed. Status code: 404]
Log: [4f1c75bd-81c2-4724-ade6-cadf78dd55ac:2025-09-18T16:40:32.233193+0500 - WARNING - Request to /hybridaction/zybTrackerStatisticsAction failed. Status code: 404]
Log: [bbdef58a-d0c5-4403-9e7a-48891b3741fb:2025-09-18T16:40:32.234194+0500 - WARNING - Request to /hybridaction/zybTrackerStatisticsAction failed. Status code: 404]
Log: [7d6e4287-d391-4178-bbc6-383a535cf113:2025-09-18T16:40:32.320028+0500 - WARNING - Request to /hybridaction/zybTrackerStatisticsAction failed. Status code: 404]
Log: [9483b7b4-1c8b-49c6-9b24-226cf3f1f0c5:2025-09-18T16:40:32.323477+0500 - WARNING - Request to /hybridaction/zybTrackerStatisticsAction failed. Status code: 404]
Log: [16a97f72-67d7-4351-b5ef-9b41a785f10d:2025-09-18T16:40:32.324478+0500 - WARNING - Request to /hybridaction/zybTrackerStatisticsAction failed. Status code: 404]
Log: [7f291624-d6a4-4537-b1e4-09a678b25427:2025-09-18T16:40:32.398436+0500 - WARNING - Request to /hybridaction/zybTrackerStatisticsAction failed. Status code: 404]
Log: [904f09d6-8565-45ec-a0cc-0841eb6bf06c:2025-09-18T16:40:32.403429+0500 - WARNING - Request to /hybridaction/zybTrackerStatisticsAction failed. Status code: 404]
Log: [e848e70d-974a-4cef-adb4-8a94aa9829b3:2025-09-18T16:40:32.404428+0500 - WARNING - Request to /hybridaction/zybTrackerStatisticsAction failed. Status code: 404]
Log: [c8854a04-036a-4e0b-a794-fc74c0b25940:2025-09-18T16:40:32.476164+0500 - WARNING - Request to /hybridaction/zybTrackerStatisticsAction failed. Status code: 404]
Log: [26a5102b-4496-4e80-bcc1-2b028b2c42d3:2025-09-18T16:40:32.480228+0500 - WARNING - Request to /hybridaction/zybTrackerStatisticsAction failed. Status code: 404]
Log: [6988d872-863d-40d6-bf18-0e6193c24a84:2025-09-18T16:40:32.480228+0500 - WARNING - Request to /hybridaction/zybTrackerStatisticsAction failed. Status code: 404]
Log: [775ecb7e-89c1-4673-9758-2cfda9149e99:2025-09-18T16:40:32.560219+0500 - WARNING - Request to /hybridaction/zybTrackerStatisticsAction failed. Status code: 404]
Log: [4d068108-b318-4121-9171-e3825aefbb48:2025-09-18T16:40:32.563217+0500 - WARNING - Request to /hybridaction/zybTrackerStatisticsAction failed. Status code: 404]
Log: [c14136c1-d7a3-4380-bc1f-8bb5955b2d69:2025-09-18T16:40:32.565249+0500 - WARNING - Request to /hybridaction/zybTrackerStatisticsAction failed. Status code: 404]
Log: [33a2eb62-3b80-4302-b084-c62358fc428e:2025-09-18T16:40:32.634785+0500 - WARNING - Request to /hybridaction/zybTrackerStatisticsAction failed. Status code: 404]
Log: [26702fec-f94c-4285-a732-742372d8d36b:2025-09-18T16:40:32.640166+0500 - WARNING - Request to /hybridaction/zybTrackerStatisticsAction failed. Status code: 404]
Log: [9c59c26a-443d-4bd8-8b54-45b4034b9c16:2025-09-18T16:40:32.641166+0500 - WARNING - Request to /hybridaction/zybTrackerStatisticsAction failed. Status code: 404]
Log: [b19c9bc4-4472-462a-9608-e67e595f64d2:2025-09-18T16:40:32.708902+0500 - WARNING - Request to /hybridaction/zybTrackerStatisticsAction failed. Status code: 404]
Log: [f6da260d-a7d8-42d2-86b6-86585d760b81:2025-09-18T16:40:32.710887+0500 - WARNING - Request to /hybridaction/zybTrackerStatisticsAction failed. Status code: 404]
Log: [38a99156-2227-4da6-a56a-496763f8ae3b:2025-09-18T16:40:32.710887+0500 - WARNING - Request to /hybridaction/zybTrackerStatisticsAction failed. Status code: 404]
Log: [1a4c5d24-33de-492d-887d-5ea5d0b0aadf:2025-09-18T16:40:32.896953+0500 - WARNING - Request to /hybridaction/zybTrackerStatisticsAction failed. Status code: 404]
Log: [f41c29a9-fdf6-4980-bc90-9aa3404d8e11:2025-09-18T16:40:32.899256+0500 - WARNING - Request to /hybridaction/zybTrackerStatisticsAction failed. Status code: 404]
Log: [20e19654-ea10-425c-bd58-d9680a04c1d1:2025-09-18T16:40:32.899256+0500 - WARNING - Request to /hybridaction/zybTrackerStatisticsAction failed. Status code: 404]
Log: [068c8afe-4e4e-4824-a4c6-86188eacf927:2025-09-18T16:40:32.919262+0500 - WARNING - Request to /hybridaction/zybTrackerStatisticsAction failed. Status code: 404]
Log: [85349d13-85af-49d7-a8d7-95f1f467efd2:2025-09-18T16:40:32.921256+0500 - WARNING - Request to /hybridaction/zybTrackerStatisticsAction failed. Status code: 404]
Log: [5b513cf6-22f1-42a9-9783-091366e41d9e:2025-09-18T16:40:32.923350+0500 - WARNING - Request to /hybridaction/zybTrackerStatisticsAction failed. Status code: 404]
Log: [137391b4-b3d4-4b6a-a889-74fe7e997801:2025-09-18T16:40:32.996127+0500 - WARNING - Request to /hybridaction/zybTrackerStatisticsAction failed. Status code: 404]
Log: [d7cc1670-4953-4303-97ba-92c914cc8309:2025-09-18T16:40:32.999129+0500 - WARNING - Request to /hybridaction/zybTrackerStatisticsAction failed. Status code: 404]
Log: [fc78d0c7-c06a-4344-9ca5-e54eea9e4f83:2025-09-18T16:40:33.000128+0500 - WARNING - Request to /hybridaction/zybTrackerStatisticsAction failed. Status code: 404]
Log: [75c260e2-3e3f-401d-a4f9-e02f978f5328:2025-09-18T16:40:33.068310+0500 - WARNING - Request to /hybridaction/zybTrackerStatisticsAction failed. Status code: 404]
Log: [4fb3c589-bebb-49d7-92d3-c2e0e6f94549:2025-09-18T16:40:33.071309+0500 - WARNING - Request to /hybridaction/zybTrackerStatisticsAction failed. Status code: 404]
Log: [a788e903-1c8a-47f9-b41f-53c79edbadb7:2025-09-18T16:40:33.073312+0500 - WARNING - Request to /hybridaction/zybTrackerStatisticsAction failed. Status code: 404]
Log: [fae679d6-ffe2-443d-8fb2-f5585d1e8802:2025-09-18T16:40:33.146849+0500 - WARNING - Request to /hybridaction/zybTrackerStatisticsAction failed. Status code: 404]
Log: [31f0f8c3-a632-4104-ae47-2e05128184a3:2025-09-18T16:40:33.148902+0500 - WARNING - Request to /hybridaction/zybTrackerStatisticsAction failed. Status code: 404]
Log: [d16d06eb-e9ac-4d92-9333-0220bcb27464:2025-09-18T16:40:33.149904+0500 - WARNING - Request to /hybridaction/zybTrackerStatisticsAction failed. Status code: 404]
Log: [9d2228f7-4a1f-4cd4-83c8-4783e644b308:2025-09-18T16:40:33.218559+0500 - WARNING - Request to /hybridaction/zybTrackerStatisticsAction failed. Status code: 404]
Log: [8d4bfbe0-500e-4b3a-bf36-e217794d8e4a:2025-09-18T16:40:33.221631+0500 - WARNING - Request to /hybridaction/zybTrackerStatisticsAction failed. Status code: 404]
Log: [ad50d282-f43f-424e-be14-b431a82b13eb:2025-09-18T16:40:33.222632+0500 - WARNING - Request to /hybridaction/zybTrackerStatisticsAction failed. Status code: 404]
Log: [7a98e516-be44-466a-b656-fefe77bdbaa1:2025-09-18T16:40:33.295104+0500 - WARNING - Request to /hybridaction/zybTrackerStatisticsAction failed. Status code: 404]
Log: [2152a8cb-52b9-4b69-9905-a2267b46ef77:2025-09-18T16:40:33.295104+0500 - WARNING - Request to /hybridaction/zybTrackerStatisticsAction failed. Status code: 404]
Log: [4d1fee40-176e-4fab-9efe-10ea3bb528f5:2025-09-18T16:40:33.295104+0500 - WARNING - Request to /hybridaction/zybTrackerStatisticsAction failed. Status code: 404]
Log: [315f4a3e-5a12-425f-9c4f-b8ea3c0e1d6f:2025-09-18T16:40:33.375358+0500 - WARNING - Request to /hybridaction/zybTrackerStatisticsAction failed. Status code: 404]
Log: [ce05b28b-16cc-4bc3-95ee-4070e44cc748:2025-09-18T16:40:33.379866+0500 - WARNING - Request to /hybridaction/zybTrackerStatisticsAction failed. Status code: 404]
Log: [bb332d42-c5e0-4217-9435-31002ee2edfd:2025-09-18T16:40:33.380866+0500 - WARNING - Request to /hybridaction/zybTrackerStatisticsAction failed. Status code: 404]
Log: [9c892516-5019-49c8-83d6-f30226dcf301:2025-09-18T16:40:33.451225+0500 - WARNING - Request to /hybridaction/zybTrackerStatisticsAction failed. Status code: 404]
Log: [76ae0d9e-d84e-48c2-91a3-67f742e98410:2025-09-18T16:40:33.454396+0500 - WARNING - Request to /hybridaction/zybTrackerStatisticsAction failed. Status code: 404]
Log: [049cdee4-e153-4e8c-8167-992bec85dddb:2025-09-18T16:40:33.455396+0500 - WARNING - Request to /hybridaction/zybTrackerStatisticsAction failed. Status code: 404]
Log: [2de0730f-e252-494f-894e-28b5a8332f0e:2025-09-18T16:40:33.523000+0500 - WARNING - Request to /hybridaction/zybTrackerStatisticsAction failed. Status code: 404]
Log: [d880c65e-cae8-4dab-b563-0fcbaf08b4cc:2025-09-18T16:40:33.525362+0500 - WARNING - Request to /hybridaction/zybTrackerStatisticsAction failed. Status code: 404]
Log: [821ea735-9882-4312-8f05-7cf1f5ef0d6c:2025-09-18T16:40:33.527879+0500 - WARNING - Request to /hybridaction/zybTrackerStatisticsAction failed. Status code: 404]
Log: [7ea708eb-e194-427f-959c-6adb3794643d:2025-09-18T16:40:33.597127+0500 - WARNING - Request to /hybridaction/zybTrackerStatisticsAction failed. Status code: 404]
Log: [ba0a46e0-8ffc-437f-a671-c5025e630435:2025-09-18T16:40:33.600128+0500 - WARNING - Request to /hybridaction/zybTrackerStatisticsAction failed. Status code: 404]
Log: [56f1fafe-6826-43d0-b9fd-4757c5c4a2b4:2025-09-18T16:40:33.601127+0500 - WARNING - Request to /hybridaction/zybTrackerStatisticsAction failed. Status code: 404]
Log: [ab70052e-ca8a-4d16-b82f-e79bb2dcdc91:2025-09-18T16:40:33.680977+0500 - WARNING - Request to /hybridaction/zybTrackerStatisticsAction failed. Status code: 404]
Log: [95ae259a-ec44-4b80-a553-dd2cb69e45df:2025-09-18T16:40:33.683945+0500 - WARNING - Request to /hybridaction/zybTrackerStatisticsAction failed. Status code: 404]
Log: [6530d93b-ff3f-46d1-a7e7-4a346870b7e0:2025-09-18T16:40:33.685946+0500 - WARNING - Request to /hybridaction/zybTrackerStatisticsAction failed. Status code: 404]
Log: [289f314f-2b20-41e5-bd32-6897a09b70df:2025-09-18T16:40:33.755717+0500 - WARNING - Request to /hybridaction/zybTrackerStatisticsAction failed. Status code: 404]
Log: [b2a789b6-0522-4dce-8abc-b806d17cc040:2025-09-18T16:40:33.759714+0500 - WARNING - Request to /hybridaction/zybTrackerStatisticsAction failed. Status code: 404]
Log: [5a42ec75-2739-441b-91c3-46b843c7fee8:2025-09-18T16:40:33.760797+0500 - WARNING - Request to /hybridaction/zybTrackerStatisticsAction failed. Status code: 404]
Log: [220b3936-4b7a-4c36-99e0-2ef003448921:2025-09-18T16:40:33.827783+0500 - WARNING - Request to /hybridaction/zybTrackerStatisticsAction failed. Status code: 404]
Log: [b32ad342-12ff-482b-8254-442cf69a19df:2025-09-18T16:40:33.829791+0500 - WARNING - Request to /hybridaction/zybTrackerStatisticsAction failed. Status code: 404]
Log: [9abd0829-2e0f-42f6-aa1e-c8007fa6e7c1:2025-09-18T16:40:33.830855+0500 - WARNING - Request to /hybridaction/zybTrackerStatisticsAction failed. Status code: 404]
Log: [57087315-beef-46cd-aa42-a5b3ad047c42:2025-09-18T16:40:33.901947+0500 - WARNING - Request to /hybridaction/zybTrackerStatisticsAction failed. Status code: 404]
Log: [3396ae2d-ca37-408c-92f1-5f8c307c567b:2025-09-18T16:40:33.905947+0500 - WARNING - Request to /hybridaction/zybTrackerStatisticsAction failed. Status code: 404]
Log: [c6d441c6-9995-40b8-840d-06efaf76738c:2025-09-18T16:40:33.907492+0500 - WARNING - Request to /hybridaction/zybTrackerStatisticsAction failed. Status code: 404]
Log: [4bbf1b5d-ca34-4d78-9530-a5b060217516:2025-09-18T16:40:33.985442+0500 - WARNING - Request to /hybridaction/zybTrackerStatisticsAction failed. Status code: 404]
Log: [fd5360c8-4ab6-4ba4-bddf-9ee3d613167d:2025-09-18T16:40:33.988442+0500 - WARNING - Request to /hybridaction/zybTrackerStatisticsAction failed. Status code: 404]
Log: [22a5c9cb-39ba-4db1-85fb-f91d495bf250:2025-09-18T16:40:33.992465+0500 - WARNING - Request to /hybridaction/zybTrackerStatisticsAction failed. Status code: 404]
Log: [3468fe51-3b28-47fe-a3bd-cd651ae67588:2025-09-18T16:40:34.057825+0500 - WARNING - Request to /hybridaction/zybTrackerStatisticsAction failed. Status code: 404]
Log: [41698e22-514d-45c9-b139-d30ac0a73592:2025-09-18T16:40:34.060825+0500 - WARNING - Request to /hybridaction/zybTrackerStatisticsAction failed. Status code: 404]
Log: [ccf29dcc-2bac-4189-a0f5-acdd86b427e9:2025-09-18T16:40:34.062825+0500 - WARNING - Request to /hybridaction/zybTrackerStatisticsAction failed. Status code: 404]
Log: [017de4ed-1b51-48e4-b4a4-cc62f2b8dc01:2025-09-18T16:40:34.134591+0500 - WARNING - Request to /hybridaction/zybTrackerStatisticsAction failed. Status code: 404]
Log: [f7a6d0ba-7731-4030-8a62-47f19c0eb6c7:2025-09-18T16:40:34.139152+0500 - WARNING - Request to /hybridaction/zybTrackerStatisticsAction failed. Status code: 404]
Log: [dee387c2-b44c-473d-ac17-76e02f9232f5:2025-09-18T16:40:34.141153+0500 - WARNING - Request to /hybridaction/zybTrackerStatisticsAction failed. Status code: 404]
Log: [0d319ba3-3bce-4d30-816e-695980a87937:2025-09-18T16:40:34.221373+0500 - WARNING - Request to /hybridaction/zybTrackerStatisticsAction failed. Status code: 404]
Log: [b1518641-4b8e-4a21-924d-699aeb75c631:2025-09-18T16:40:34.225124+0500 - WARNING - Request to /hybridaction/zybTrackerStatisticsAction failed. Status code: 404]
Log: [3a15caf9-0171-4e3c-9371-e7c566d815e6:2025-09-18T16:40:34.226124+0500 - WARNING - Request to /hybridaction/zybTrackerStatisticsAction failed. Status code: 404]
Log: [2a838973-b13a-4cac-8496-c357764a02e0:2025-09-18T16:40:34.292832+0500 - WARNING - Request to /hybridaction/zybTrackerStatisticsAction failed. Status code: 404]
Log: [37eb0eee-9107-4da6-b80f-3c229242d80f:2025-09-18T16:40:34.295923+0500 - WARNING - Request to /hybridaction/zybTrackerStatisticsAction failed. Status code: 404]
Log: [8d0f8dd5-91b4-4c8e-9893-08f462d24220:2025-09-18T16:40:34.296924+0500 - WARNING - Request to /hybridaction/zybTrackerStatisticsAction failed. Status code: 404]
Log: [440b6e94-80d6-47f4-99cb-57a2c92a8182:2025-09-18T16:40:34.365761+0500 - WARNING - Request to /hybridaction/zybTrackerStatisticsAction failed. Status code: 404]
Log: [6976507e-fc95-4a6c-9f32-84a351494874:2025-09-18T16:40:34.369767+0500 - WARNING - Request to /hybridaction/zybTrackerStatisticsAction failed. Status code: 404]
Log: [7be931e3-2792-4a74-ad92-edd938ed2c2e:2025-09-18T16:40:34.370767+0500 - WARNING - Request to /hybridaction/zybTrackerStatisticsAction failed. Status code: 404]
Log: [0c8c710f-fb3e-4369-a4c6-592bd84f9e35:2025-09-18T16:40:48.442552+0500 - INFO - Request to /users/token succeeded. Status code: 200]
Log: [bf7da30b-706f-4283-bd03-681e5d3c9e0f:2025-09-18T16:41:00.575476+0500 - WARNING - Request to /users/token failed. Status code: 401]
Log: [0c9e3518-75a0-4cd6-8ed8-996b11c1a904:2025-09-18T16:41:10.602540+0500 - INFO - Request to /users/token succeeded. Status code: 200]
Log: [cf6812a9-aafd-40e3-9677-e3f3af688e36:2025-09-18T16:41:24.946323+0500 - WARNING - Request to /products/ failed. Status code: 403]
